[25Dec2024 00:01:45.613] [Server thread/INFO] [net.minecraft.server.players.PlayerList/]: ewrwer[/100.110.119.13:55986] logged in with entity id 639 at (-93.5, 76.0, 26.5)
[25Dec2024 00:01:45.629] [Server thread/INFO] [net.minecraft.server.MinecraftServer/]: ewrwer joined the game
[25Dec2024 00:01:45.718] [Server thread/INFO] [net.minecraft.server.MinecraftServer/]: ewrwer has made the advancement [Super Shovel]
[25Dec2024 00:01:45.721] [Server thread/INFO] [net.minecraft.server.MinecraftServer/]: ewrwer has made the advancement [SUPER CUP!]
[25Dec2024 00:01:45.723] [Server thread/INFO] [net.minecraft.server.MinecraftServer/]: ewrwer has made the advancement [Super Sword]
[25Dec2024 00:01:45.725] [Server thread/INFO] [net.minecraft.server.MinecraftServer/]: ewrwer has made the advancement [Super Hoe]
[25Dec2024 00:01:45.725] [Server thread/INFO] [net.minecraft.server.MinecraftServer/]: ewrwer has made the advancement [A bag of Bonemeal?]
[25Dec2024 00:01:45.725] [Server thread/INFO] [net.minecraft.server.MinecraftServer/]: ewrwer has made the advancement [CUP!]
[25Dec2024 00:01:45.726] [Server thread/INFO] [net.minecraft.server.MinecraftServer/]: ewrwer has made the advancement [Super Sickle]
[25Dec2024 00:01:45.735] [Server thread/INFO] [net.minecraft.server.MinecraftServer/]: ewrwer has made the advancement [Super Pickaxe]
[25Dec2024 00:01:45.742] [Server thread/INFO] [net.minecraft.server.MinecraftServer/]: ewrwer has made the advancement [Super Axe]
[25Dec2024 00:01:45.913] [Server thread/INFO] [net.minecraft.server.MinecraftServer/]: ewrwer has made the advancement [Keepers Of The Stones II]
[25Dec2024 00:01:45.924] [Server thread/INFO] [Jade/]: Syncing config to ewrwer (0e94066d-b975-379d-9eb5-98af0fd6fffb)
[25Dec2024 00:01:45.965] [Server thread/INFO] [net.minecraft.server.MinecraftServer/]: ewrwer has completed the challenge [The Undead]
[25Dec2024 00:01:45.968] [Server thread/INFO] [net.minecraft.server.MinecraftServer/]: ewrwer has made the advancement [Ice and Fire]
[25Dec2024 00:01:45.973] [Server thread/INFO] [net.minecraft.server.MinecraftServer/]: ewrwer has made the advancement [Orcz Challenges]
[25Dec2024 00:02:24.503] [Server thread/INFO] [com.teampotato.redirector.Redirector/]: Redirecting net/minecraft/server/commands/AdvancementCommands$Mode
[25Dec2024 00:02:39.857] [Server thread/INFO] [com.teampotato.redirector.Redirector/]: Redirecting net/orcinus/galosphere/entities/Sparkle$CrystalType
[25Dec2024 00:02:43.466] [Server thread/INFO] [com.teampotato.redirector.Redirector/]: Redirecting net/minecraft/world/level/block/RenderShape
[25Dec2024 00:02:59.839] [Server thread/WARN] [net.minecraft.nbt.NbtUtils/]: Unable to read property: facing with value: up for blockstate: {Name:"uniquedungeons:city_center_lectern",Properties:{facing:"up",open:"false"}}
[25Dec2024 00:03:08.364] [Server thread/INFO] [net.minecraft.server.network.ServerGamePacketListenerImpl/]: ewrwer lost connection: Disconnected
[25Dec2024 00:03:08.364] [Server thread/INFO] [net.minecraft.server.MinecraftServer/]: ewrwer left the game
